4622
0 0 9 0
0 1 2 4
0 5 2 8
0 10 2 13
0 14 9 14
0 15 4 16
0 17 2 19
0 20 10 20
0 21 8 21
0 22 0 30
0 31 9 31
0 32 2 34
0 35 0 46
0 47 3 48
0 49 0 59
0 60 7 60
0 61 8 61
0 62 8 62
0 63 8 63
0 64 0 73
0 74 3 75
0 76 3 77
0 80 4 81
0 82 0 90
0 91 0 100
0 101 0 108
0 109 2 111
0 112 1 116
0 117 0 126
0 127 7 127
0 128 10 128
0 129 7 129
0 132 8 132
0 133 4 134
0 137 11 137
0 138 0 146
0 147 2 149
0 150 9 150
0 151 8 151
0 153 8 153
0 156 2 159
0 161 7 161
0 163 10 163
0 164 3 165
0 167 8 167
0 169 5 170
0 171 0 180
0 181 4 182
0 185 3 186
0 187 0 198
0 199 0 208
0 209 3 210
0 211 2 213
0 214 8 214
0 215 9 215
0 216 3 217
0 220 8 220
0 221 0 231
0 232 0 240
0 241 4 242
0 243 8 243
0 245 3 246
0 248 11 248
1 22 10 22
1 23 12 23
1 27 4 29
1 30 12 30
1 35 1 43
1 44 9 44
1 45 12 45
1 49 12 49
1 50 12 50
1 51 11 51
1 52 2 56
1 57 12 57
1 58 10 58
1 59 12 59
1 64 10 64
1 65 8 65
1 66 3 68
1 71 9 71
1 72 11 72
1 73 10 73
0 78 8 78
1 82 8 82
1 83 6 84
1 85 10 85
1 87 5 88
1 90 4 91
1 92 1 100
1 101 9 101
1 102 12 102
1 104 2 108
1 117 10 117
1 119 2 122
1 123 8 123
1 126 9 126
0 130 7 130
1 138 10 138
1 139 11 139
1 140 10 140
1 141 12 141
1 143 9 143
1 154 12 154
0 160 8 160
0 162 10 162
0 168 8 168
1 171 1 178
1 179 9 179
0 183 4 184
1 187 10 187
1 189 12 189
1 190 10 190
1 191 4 192
1 193 11 193
1 194 12 194
1 195 12 195
1 196 10 196
1 197 9 197
1 198 10 198
1 199 2 204
1 205 3 208
0 218 7 218
1 221 12 221
1 225 10 225
1 226 3 228
1 229 10 229
1 230 3 233
1 234 9 234
1 235 4 236
1 237 11 237
1 238 4 240
1 24 8 24
1 25 5 26
2 35 4 37
2 38 13 38
2 39 3 43
1 46 8 46
2 79 13 79
2 92 2 100
2 103 13 103
2 112 4 114
2 116 11 116
1 118 11 118
1 124 12 124
1 125 9 125
0 131 9 131
1 142 9 142
1 144 9 144
1 146 8 146
0 152 10 152
0 166 8 166
2 171 4 173
2 174 7 175
2 176 11 176
2 177 11 177
1 222 3 224
0 247 10 247
3 1 3 9
3 10 5 13
3 17 8 18
3 19 12 19
3 32 6 33
3 52 4 55
3 56 10 56
3 69 14 69
2 86 13 86
2 89 13 89
3 92 7 93
3 94 13 94
3 95 5 98
3 99 11 99
3 100 14 100
3 104 12 104
3 105 12 105
3 106 13 106
3 108 4 111
2 115 9 115
3 119 8 120
3 121 12 121
0 135 11 135
3 148 11 148
3 149 12 149
0 155 11 155
3 156 14 156
3 157 10 157
3 158 7 159
3 178 14 178
3 199 11 199
3 200 11 200
3 201 6 202
3 203 14 203
3 212 7 213
0 219 10 219
0 244 8 244
0 249 11 249
4 1 4 9
4 39 7 40
4 41 11 41
4 42 13 42
4 47 8 48
4 66 15 66
4 67 8 68
4 74 8 75
4 76 13 76
4 77 11 77
3 107 13 107
3 122 13 122
2 145 13 145
3 147 14 147
4 164 12 164
4 180 15 180
4 186 12 186
4 209 7 210
4 211 15 211
4 222 7 223
4 224 12 224
4 226 9 227
4 230 12 230
4 231 7 233
4 245 11 245
5 1 5 9
5 15 12 15
5 16 12 16
5 27 12 27
5 28 16 28
5 29 15 29
3 34 11 34
5 35 14 35
5 36 16 36
4 43 13 43
5 52 13 52
5 53 14 53
5 54 14 54
5 55 13 55
5 80 16 80
5 90 16 90
5 108 9 109
5 111 16 111
5 112 7 114
5 133 8 134
0 136 9 136
5 171 13 171
5 172 14 172
5 173 16 173
5 182 15 182
5 183 16 183
5 184 14 184
4 185 14 185
3 204 10 204
4 205 12 205
4 206 8 207
4 208 11 208
4 217 13 217
4 228 11 228
5 235 14 235
5 238 8 240
5 241 10 242
6 1 9 2
6 3 15 3
6 4 10 5
6 7 9 8
6 9 9 10
6 11 17 11
6 12 16 12
6 13 15 13
6 25 10 26
5 81 12 81
6 87 15 87
5 91 15 91
6 96 11 97
6 98 17 98
6 110 17 110
4 165 13 165
6 169 15 169
5 181 14 181
6 188 17 188
6 191 11 192
6 236 17 236
4 246 11 246
7 32 16 32
7 33 14 33
7 70 18 70
7 83 11 84
6 95 15 95
6 170 16 170
7 201 18 201
7 202 17 202
7 216 18 216
6 6 17 6
8 39 11 40
8 60 17 60
6 88 15 88
8 92 15 92
8 113 19 113
8 127 15 127
8 129 12 130
8 158 19 158
8 161 18 161
8 174 12 175
8 209 13 210
8 212 15 212
8 218 19 218
8 233 16 233
9 17 20 17
9 21 20 21
9 24 17 24
9 37 20 37
9 46 20 46
9 47 18 47
9 61 12 62
9 63 18 63
9 65 20 65
9 67 12 68
9 74 12 75
8 112 18 112
8 114 15 114
9 119 20 119
9 123 17 123
9 132 20 132
9 146 18 146
9 151 19 151
9 153 18 153
9 160 20 160
9 166 13 167
9 168 18 168
9 206 12 207
9 214 17 214
9 220 20 220
8 222 19 222
9 223 20 223
8 231 19 231
9 238 18 238
9 239 12 240
9 243 18 243
9 244 17 244
10 0 21 0
10 1 19 1
10 7 12 9
10 10 18 10
10 31 21 31
10 44 18 44
9 48 18 48
10 71 20 71
10 101 19 101
10 108 20 108
10 109 18 109
10 115 20 115
9 120 20 120
10 125 17 125
10 126 17 126
10 131 18 131
10 133 15 134
10 136 21 136
10 142 21 142
10 143 17 143
10 144 21 144
10 150 19 150
10 159 21 159
10 179 21 179
10 197 20 197
10 215 21 215
8 232 18 232
10 234 21 234
10 2 17 2
11 4 22 4
11 18 22 18
11 20 20 20
11 22 20 22
11 26 18 26
11 56 21 56
11 58 19 58
11 64 19 64
11 73 22 73
11 82 22 82
11 85 21 85
11 128 22 128
11 138 20 138
11 140 22 140
11 152 18 152
11 157 20 157
11 163 22 163
11 187 20 187
11 190 20 190
11 196 20 196
11 198 21 198
11 204 21 204
11 213 22 213
11 219 19 219
11 225 20 225
11 229 21 229
11 242 18 242
11 247 20 247
12 5 23 5
12 34 22 34
12 40 23 40
12 41 23 41
12 51 22 51
12 72 23 72
12 77 21 77
12 84 23 84
12 97 21 97
12 99 20 99
12 116 15 117
12 118 23 118
12 135 23 135
12 139 23 139
12 148 19 148
12 155 22 155
12 176 16 177
12 191 15 192
12 193 20 193
12 199 19 199
12 200 23 200
12 208 23 208
11 226 22 226
12 227 17 228
12 245 21 245
12 246 22 246
12 248 20 248
12 249 20 249
13 7 16 9
13 14 16 15
13 19 22 19
11 25 18 25
13 27 20 27
13 39 24 39
13 49 23 49
13 57 20 57
13 62 23 62
13 67 22 67
13 74 21 74
13 81 21 81
12 96 22 96
13 104 20 104
13 105 21 105
13 121 21 121
13 124 20 124
13 129 17 130
13 149 20 149
13 164 21 164
13 175 23 175
13 186 22 186
13 189 23 189
13 194 18 195
13 205 16 206
13 207 23 207
13 224 24 224
13 230 21 230
13 239 21 239
13 240 22 240
14 16 25 16
13 30 20 30
14 42 23 42
14 43 21 43
13 50 24 50
14 52 24 52
14 55 22 55
13 59 24 59
13 61 23 61
13 68 23 68
14 75 19 76
14 86 25 86
14 89 23 89
12 93 23 93
14 94 25 94
13 102 22 102
14 106 21 106
14 107 22 107
14 122 24 122
13 141 22 141
14 145 25 145
13 162 24 162
14 165 25 165
14 166 24 166
14 171 23 171
14 174 25 174
14 209 19 210
14 217 23 217
13 221 21 221
13 237 24 237
11 241 20 241
13 23 21 23
15 33 24 33
15 35 23 35
14 38 21 38
15 53 19 54
14 83 25 83
15 172 26 172
15 178 25 178
15 181 23 181
15 184 26 184
15 185 26 185
15 235 26 235
16 3 24 3
16 13 27 13
16 66 26 66
16 87 26 87
16 88 23 88
16 91 21 92
16 95 26 95
16 103 27 103
16 114 26 114
16 116 27 116
16 127 26 127
16 133 25 133
16 147 27 147
15 156 25 156
16 169 24 169
16 180 23 180
16 182 24 182
16 191 24 191
16 192 23 192
16 211 21 212
17 7 19 9
17 12 28 12
17 15 27 15
17 28 22 29
17 32 28 32
17 79 28 79
17 167 28 167
17 170 28 170
17 177 28 177
15 203 22 203
17 205 27 205
18 2 27 2
18 6 26 6
18 11 26 11
17 14 27 14
18 24 25 24
17 36 25 36
18 60 29 60
15 100 25 100
18 123 26 123
18 125 28 125
18 126 29 126
18 129 21 130
18 137 29 137
18 143 26 143
18 202 27 202
18 227 21 228
18 244 28 244
19 10 29 10
19 25 28 25
19 26 26 26
19 44 24 45
19 47 30 47
19 48 27 48
19 63 29 63
19 69 22 70
15 78 26 78
19 109 28 109
18 110 26 110
17 111 27 111
19 112 28 112
19 117 30 117
19 131 30 131
19 146 28 146
19 152 24 153
19 161 28 161
19 168 27 168
17 173 24 173
18 176 29 176
18 188 27 188
19 194 29 194
17 206 26 206
19 216 29 216
19 232 24 233
19 238 29 238
19 243 29 243
20 7 30 7
20 8 31 8
20 54 29 54
20 58 28 58
20 64 28 64
20 75 25 76
20 80 31 80
18 98 29 98
20 101 28 101
20 148 30 148
20 150 29 150
20 151 29 151
20 158 31 158
19 195 28 195
20 199 27 199
20 209 23 210
20 218 31 218
20 222 27 222
20 231 31 231
21 9 32 9
21 20 30 20
21 22 29 22
21 27 32 27
21 30 32 30
21 46 31 46
20 53 27 53
21 57 32 57
21 65 32 65
21 71 31 71
21 99 30 99
21 104 28 104
20 113 29 113
21 115 30 115
21 120 30 120
21 132 30 132
21 138 30 138
21 149 29 149
21 154 32 154
21 157 31 157
17 183 26 183
21 187 32 187
21 193 28 193
21 196 29 196
21 197 32 197
19 201 28 201
21 219 32 219
21 225 31 225
18 236 26 236
21 241 29 241
21 247 32 247
21 248 24 249
22 0 27 1
21 17 29 17
22 23 30 23
22 31 31 31
21 37 29 37
22 38 32 38
22 56 29 56
22 74 33 74
22 77 32 77
22 85 31 85
22 90 25 91
22 92 32 92
22 97 29 97
22 105 32 105
22 106 33 106
22 121 33 121
22 129 25 130
22 142 29 142
22 144 32 144
22 159 32 159
22 179 33 179
22 204 33 204
22 211 30 211
22 212 32 212
22 214 25 215
22 220 25 221
22 227 31 227
22 229 29 229
22 230 30 230
22 239 32 239
22 245 33 245
23 18 28 19
23 43 34 43
23 51 33 51
23 69 33 69
23 70 32 70
23 96 32 96
23 102 30 102
23 107 27 108
22 136 32 136
23 140 34 140
23 141 33 141
23 155 32 155
23 163 27 164
23 186 34 186
23 203 32 203
23 226 33 226
22 234 30 234
23 246 32 246
24 4 29 5
24 34 35 34
24 40 28 41
24 42 31 42
24 49 32 49
24 55 35 55
24 61 33 61
24 62 32 62
24 68 34 68
24 84 34 84
24 88 31 88
24 89 34 89
24 93 32 93
21 119 31 119
23 128 30 128
24 134 29 135
24 139 33 139
24 171 32 171
24 180 33 180
24 181 32 181
24 189 31 189
24 190 35 190
24 192 34 192
24 198 35 198
24 207 26 209
24 210 32 210
23 213 31 213
24 217 34 217
22 228 33 228
24 242 35 242
25 3 36 3
25 33 35 33
25 39 33 39
25 45 36 45
25 50 36 50
25 52 35 52
25 59 34 59
24 67 35 67
24 72 27 73
23 81 27 82
24 118 31 118
25 152 33 152
25 162 34 162
25 166 34 166
25 173 34 173
25 182 32 182
25 191 36 191
24 200 31 200
25 223 29 224
25 233 36 233
25 237 33 237
25 249 36 249
26 16 35 16
26 36 33 36
25 44 34 44
26 75 36 75
26 83 37 83
26 91 34 91
26 94 34 94
26 100 35 100
26 122 37 122
26 124 37 124
26 129 30 130
26 133 36 133
26 145 37 145
25 153 32 153
26 156 36 156
26 165 36 165
26 174 30 175
26 178 36 178
26 214 29 215
26 221 35 221
26 240 37 240
25 248 34 248
27 6 36 6
27 11 35 11
27 21 38 21
27 24 38 24
27 26 36 26
26 76 33 76
27 78 35 78
27 86 30 87
27 95 34 95
27 110 38 110
27 114 36 114
27 123 38 123
27 127 35 127
27 183 34 183
27 184 31 185
27 206 30 207
27 208 31 209
26 220 33 220
27 232 38 232
27 235 38 235
28 0 30 2
28 14 39 14
28 15 38 15
28 29 39 29
28 48 39 48
28 66 39 66
28 72 31 73
28 82 38 82
28 107 36 107
28 108 39 108
28 111 38 111
28 143 39 143
28 160 39 160
28 163 31 164
28 168 36 168
28 188 38 188
28 202 39 202
28 205 39 205
28 222 39 222
28 236 39 236
29 12 36 12
29 18 37 18
29 25 36 25
24 28 35 28
29 35 40 35
29 40 32 41
29 58 40 58
29 64 40 64
29 79 38 79
29 101 36 101
28 103 37 103
29 104 38 104
29 109 38 109
29 112 36 112
29 125 39 125
29 146 36 146
28 147 39 147
29 161 40 161
29 193 39 193
29 201 40 201
29 244 38 244
30 5 38 5
30 10 39 10
30 13 41 13
30 17 41 17
30 22 40 22
30 37 39 37
30 53 35 54
30 56 41 56
30 60 38 60
30 63 40 63
30 97 37 97
30 98 39 98
28 116 35 116
30 135 38 135
30 142 38 142
30 149 32 151
29 167 37 167
29 169 33 170
30 176 40 176
29 177 40 177
30 194 37 194
30 196 41 196
30 214 33 215
30 216 37 216
30 223 41 223
30 224 40 224
30 229 38 229
30 241 41 241
30 243 41 243
31 0 35 1
31 2 39 2
31 7 39 7
31 20 39 20
31 23 39 23
31 47 39 47
31 87 40 87
31 90 42 90
31 99 42 99
31 102 38 102
31 115 42 115
31 117 40 117
31 120 41 120
31 128 35 129
31 130 34 131
30 137 37 137
31 138 39 138
31 148 42 148
31 172 42 172
31 174 36 175
31 206 41 206
31 207 40 207
31 211 41 211
31 230 39 230
31 234 39 234
29 19 37 19
32 31 36 32
32 42 42 42
32 71 37 72
32 80 39 80
32 81 43 81
32 85 39 85
32 88 40 88
32 118 39 118
32 119 43 119
30 126 40 126
30 134 38 134
32 157 36 158
32 163 42 163
32 164 43 164
32 184 43 184
32 200 43 200
32 208 41 208
32 209 42 209
32 213 41 213
32 218 41 218
32 227 43 227
32 8 40 8
33 9 41 9
33 30 41 30
33 38 42 38
33 40 37 41
33 49 40 49
33 57 44 57
33 62 44 62
33 65 41 65
33 77 41 77
33 92 42 92
33 93 42 93
33 96 44 96
33 105 44 105
33 136 40 136
33 144 42 144
33 149 35 151
33 153 35 155
33 159 44 159
33 171 41 171
33 181 43 181
33 182 44 182
32 185 42 185
33 187 42 187
33 197 42 197
33 203 44 203
33 210 44 210
33 212 44 212
32 231 40 231
33 239 40 239
33 246 37 247
33 27 40 27
34 36 43 36
34 39 45 39
34 51 44 51
34 61 43 61
34 69 43 69
34 70 45 70
34 73 38 74
34 76 42 76
34 106 42 106
34 139 44 139
34 141 45 141
34 152 41 152
34 169 37 170
34 180 45 180
33 189 44 189
34 215 43 215
34 219 38 220
34 225 39 226
34 228 41 228
34 237 43 237
35 43 39 44
35 59 46 59
35 68 42 68
35 84 46 84
33 86 44 86
35 89 46 89
35 94 39 95
35 130 43 130
35 131 44 131
35 140 46 140
35 162 46 162
35 166 43 166
35 173 44 173
34 179 42 179
35 183 45 183
35 186 44 186
35 192 46 192
35 199 46 199
34 214 41 214
35 217 43 217
33 238 44 238
35 248 43 248
36 1 44 1
36 11 45 11
36 16 46 16
36 28 45 28
36 33 40 34
36 52 39 54
36 67 44 67
36 78 44 78
36 91 47 91
36 116 47 116
36 127 40 128
36 149 47 149
36 150 47 150
36 153 41 154
36 155 45 155
36 195 47 195
36 204 47 204
36 221 44 221
37 3 44 3
37 4 48 4
37 6 46 6
37 12 44 12
37 25 45 25
37 31 47 31
37 45 48 45
36 55 46 55
37 75 44 75
37 101 44 101
37 107 44 107
37 112 45 112
37 114 45 114
34 121 41 121
37 133 48 133
37 146 48 146
37 156 40 157
37 158 46 158
37 165 47 165
37 168 45 168
37 174 42 175
37 178 48 178
36 190 47 190
37 233 44 233
36 242 44 242
37 249 44 249
38 18 46 18
38 26 49 26
37 32 44 32
38 41 47 41
38 50 49 50
38 71 42 72
38 103 48 103
38 122 49 122
38 124 46 124
36 129 46 129
38 137 48 137
36 151 46 151
38 167 49 167
38 169 41 170
38 194 45 194
36 198 43 198
38 216 49 216
38 240 49 240
38 246 47 246
39 15 50 15
39 21 48 21
39 24 47 24
39 60 47 60
39 73 50 73
39 74 48 74
39 79 47 79
39 82 48 82
39 102 50 102
39 104 48 104
39 109 46 109
39 111 49 111
37 113 48 113
39 123 47 123
39 134 42 135
39 142 47 142
38 145 47 145
39 188 50 188
39 219 47 219
39 229 50 229
39 232 48 232
39 235 46 235
39 244 43 245
39 247 50 247
40 2 48 2
40 5 51 5
40 7 51 7
40 10 51 10
40 19 44 20
40 23 51 23
40 29 48 29
40 37 48 37
40 43 44 44
36 46 47 46
40 47 48 47
40 48 51 48
40 52 48 52
40 53 51 53
40 80 47 80
39 83 50 83
40 85 51 85
40 94 47 94
40 98 47 98
40 108 49 108
39 110 47 110
40 125 49 125
40 138 51 138
40 147 51 147
40 160 47 160
40 193 50 193
40 205 48 205
39 220 50 220
40 225 49 225
40 226 49 226
40 230 51 230
40 234 51 234
40 236 51 236
41 22 52 22
41 27 52 27
41 34 45 35
41 49 52 49
40 54 50 54
41 63 51 63
41 64 48 64
41 87 48 87
41 88 49 88
41 117 48 117
41 126 49 126
41 128 48 128
41 156 48 156
41 157 49 157
41 161 49 161
41 176 44 177
41 207 51 207
40 222 47 222
41 224 51 224
41 231 51 231
41 239 52 239
42 0 53 0
42 8 53 8
42 9 52 9
40 14 49 14
42 17 53 17
42 30 51 30
41 33 48 33
42 65 51 65
42 77 51 77
40 95 50 95
42 120 45 121
42 127 53 127
42 152 50 152
42 154 53 154
42 169 46 170
42 171 50 171
37 191 46 191
41 201 45 202
42 206 49 206
42 208 52 208
42 211 49 211
42 213 46 214
42 218 49 218
42 228 53 228
42 241 52 241
42 243 53 243
42 13 50 13
43 38 50 38
43 42 51 42
41 58 52 58
41 66 52 66
43 68 54 68
43 71 47 72
43 76 54 76
43 92 51 92
43 97 54 97
43 99 51 99
43 100 54 100
43 106 54 106
43 115 52 115
43 134 54 134
43 136 54 136
43 144 51 144
43 148 51 148
43 163 52 163
43 174 47 175
43 179 51 179
43 185 54 185
43 187 51 187
42 196 50 196
43 197 54 197
43 209 54 209
44 36 51 36
44 61 51 61
44 69 52 69
43 135 51 135
44 166 53 166
43 172 53 172
44 181 51 181
44 198 53 198
44 215 51 215
44 237 55 237
44 244 49 245
44 248 54 248
45 1 52 1
45 3 56 3
45 12 55 12
45 20 56 20
45 32 56 32
38 40 49 40
45 44 55 44
45 51 53 51
45 56 50 57
45 67 54 67
45 75 52 75
45 78 54 78
45 86 52 86
45 93 56 93
45 101 52 101
45 105 56 105
44 118 48 119
45 131 56 131
45 139 56 139
45 153 56 153
44 164 55 164
45 176 54 176
44 184 52 184
45 186 55 186
44 200 53 200
45 203 56 203
45 221 54 221
44 227 53 227
45 233 55 233
45 238 55 238
45 242 56 242
46 11 54 11
46 19 57 19
46 25 56 25
46 28 55 28
46 34 51 35
46 39 56 39
46 43 57 43
45 62 54 62
46 70 57 70
44 81 52 81
46 107 57 107
46 112 56 112
46 114 55 114
46 120 57 120
45 130 56 130
46 141 55 141
45 143 56 143
46 155 55 155
46 168 56 168
46 180 55 180
46 183 54 183
46 189 57 189
46 201 50 202
43 223 54 223
47 6 54 6
47 16 58 16
47 55 56 55
47 84 55 84
43 90 53 90
47 109 55 109
47 124 57 124
47 129 57 129
47 151 54 151
47 158 58 158
45 159 52 159
47 162 55 162
47 170 56 170
45 177 54 177
45 182 53 182
47 191 54 191
47 199 55 199
47 212 50 214
47 235 54 235
48 24 59 24
48 31 58 31
48 41 55 41
48 46 57 46
48 59 52 60
48 72 55 72
48 79 56 79
48 80 59 80
48 94 56 94
48 98 55 98
48 110 55 110
48 116 55 116
47 140 56 140
48 142 59 142
48 145 55 145
48 149 51 150
48 160 57 160
48 165 57 165
47 169 57 169
48 173 51 175
47 192 58 192
48 194 59 194
48 195 58 195
48 204 57 204
48 219 59 219
48 222 58 222
48 246 56 246
48 249 59 249
49 2 60 2
49 21 56 21
49 29 57 29
49 33 59 33
49 37 60 37
49 52 60 52
49 64 57 64
48 71 58 71
49 74 58 74
49 87 56 87
47 89 54 89
48 91 58 91
49 103 58 103
49 104 57 104
49 113 57 113
49 117 52 118
48 121 59 121
49 128 58 128
49 133 58 133
49 137 59 137
49 178 60 178
49 205 58 205
49 232 57 232
50 14 58 14
50 26 60 26
50 40 60 40
50 88 58 88
45 96 56 96
50 108 59 108
50 111 57 111
50 122 55 123
50 125 58 125
50 126 61 126
49 132 60 132
50 156 55 157
50 161 61 161
50 167 60 167
50 206 58 206
50 211 58 211
50 217 53 218
50 225 57 225
50 244 59 244
49 4 58 4
51 13 59 13
51 15 62 15
51 38 59 38
51 45 62 45
50 50 59 50
51 54 61 54
51 57 59 57
51 82 56 83
51 95 62 95
50 119 61 119
51 171 58 171
51 193 61 193
51 196 61 196
51 202 58 202
51 212 54 213
51 214 60 214
51 220 62 220
51 229 61 229
51 247 59 247
52 5 61 5
52 7 63 7
52 10 61 10
52 30 59 30
52 34 63 34
52 35 57 36
52 47 55 48
51 56 58 56
52 61 63 61
52 63 61 63
52 65 62 65
52 85 60 85
52 99 60 99
51 102 61 102
52 135 61 135
52 138 60 138
52 144 61 144
52 147 62 147
52 148 63 148
52 149 63 149
52 173 54 175
52 179 59 179
52 181 63 181
52 187 56 188
51 201 59 201
52 215 57 216
52 224 61 224
52 226 63 226
52 231 62 231
52 234 61 234
53 9 63 9
53 22 64 22
53 27 64 27
53 58 61 58
53 59 56 60
53 66 63 66
53 69 61 69
51 73 62 73
53 75 62 75
53 81 64 81
53 86 63 86
53 101 61 101
53 115 62 115
53 117 57 118
52 150 61 150
53 159 64 159
53 163 60 163
53 184 64 184
53 207 58 208
52 230 62 230
53 241 60 241
54 0 58 1
54 17 58 18
54 49 65 49
54 51 65 51
54 90 63 90
54 154 62 154
54 172 64 172
54 182 65 182
54 198 63 198
54 200 61 200
51 210 62 210
54 217 58 218
54 227 64 227
53 239 62 239
55 11 66 11
52 53 59 53
55 67 60 68
55 76 59 77
55 78 65 78
55 89 66 89
55 100 66 100
55 106 66 106
54 127 65 127
53 146 64 146
55 151 66 151
55 152 66 152
55 173 57 175
55 176 65 176
55 177 64 177
55 183 66 183
55 190 66 190
55 191 66 191
55 213 63 213
55 221 64 221
55 223 64 223
55 235 64 235
55 248 63 248
54 8 63 8
56 12 63 12
53 23 64 23
56 28 66 28
56 41 63 41
56 42 67 42
56 44 63 44
56 47 66 47
56 72 63 72
56 92 67 92
56 97 60 98
56 109 64 109
56 110 67 110
56 114 65 114
56 122 60 123
55 134 66 134
55 136 64 136
56 141 67 141
56 145 66 145
56 155 61 156
56 157 66 157
56 164 64 164
56 180 65 180
56 186 65 186
55 212 63 212
56 233 65 233
56 236 61 237
56 238 66 238
56 240 67 240
56 243 67 243
57 20 67 20
57 25 64 25
57 39 67 39
57 55 65 55
57 60 67 60
57 82 62 83
57 87 65 87
57 94 66 94
57 96 65 96
57 105 65 105
57 112 64 112
57 130 65 130
57 139 67 139
57 140 68 140
57 143 68 143
57 162 68 162
57 168 68 168
57 187 61 188
55 197 63 197
57 245 68 245
57 246 66 246
57 3 64 3
58 19 66 19
58 29 67 29
58 46 67 46
58 64 67 64
58 79 69 79
58 104 66 104
58 107 66 107
58 111 65 111
58 113 66 113
58 117 69 117
58 124 69 124
58 129 65 129
57 131 64 131
58 153 69 153
58 160 68 160
58 165 66 165
58 169 68 169
58 199 69 199
58 203 63 204
58 216 69 216
58 225 67 225
58 232 66 232
57 242 66 242
59 0 67 0
59 4 69 4
59 14 68 14
59 16 63 17
59 18 70 18
59 31 68 31
57 32 65 32
58 35 61 36
56 48 64 48
59 56 67 56
58 59 69 59
59 70 62 71
59 74 66 74
59 91 69 91
59 103 70 103
58 118 67 118
59 125 66 125
59 133 70 133
59 158 69 158
59 171 68 171
58 173 66 173
58 174 62 175
55 185 64 185
59 195 69 195
59 202 67 202
59 205 68 205
59 206 69 206
59 207 70 207
59 208 70 208
56 209 67 209
58 215 68 215
59 217 68 217
59 218 70 218
60 1 71 1
60 13 71 13
60 24 70 24
60 30 70 30
60 33 70 33
60 50 71 50
60 57 68 57
60 76 64 77
59 84 70 84
60 108 67 108
58 120 68 120
60 121 71 121
60 137 68 137
60 179 68 179
58 189 65 189
60 201 70 201
60 219 71 219
60 244 69 244
60 247 67 247
60 249 69 249
61 26 68 26
61 37 69 37
61 38 72 38
61 40 70 40
60 80 69 80
61 85 72 85
57 93 65 93
61 97 70 97
61 99 70 99
61 123 70 123
61 138 72 138
60 142 69 142
61 163 69 163
61 166 72 166
61 167 70 167
61 178 69 178
61 214 69 214
61 241 70 241
62 5 73 5
62 35 71 35
62 36 71 36
61 52 65 53
62 54 73 54
58 62 69 62
62 63 72 63
62 69 70 69
62 88 73 88
62 101 69 101
62 102 71 102
62 116 73 116
62 119 73 119
62 126 69 126
62 132 73 132
62 144 70 144
62 156 69 156
62 161 69 161
62 187 67 188
62 192 65 194
62 196 72 196
62 200 73 200
61 222 72 222
62 224 70 224
62 229 70 229
62 234 72 234
62 237 73 237
63 45 72 45
63 65 73 65
61 67 68 67
61 68 72 68
63 70 67 71
63 73 72 73
63 75 74 75
63 82 71 82
63 95 71 95
61 98 70 98
63 122 74 122
63 128 74 128
63 135 74 135
63 147 71 147
63 154 68 155
63 174 72 174
63 175 74 175
63 210 70 210
63 211 74 211
63 220 72 220
63 230 71 230
63 231 74 231
61 2 68 2
64 6 67 8
64 9 73 9
63 10 74 10
64 12 71 12
64 15 69 16
64 17 73 17
64 41 75 41
64 44 72 44
64 66 74 66
64 72 74 72
63 83 71 83
64 86 74 86
64 90 74 90
64 148 72 148
64 149 71 149
63 150 74 150
64 181 74 181
64 197 74 197
64 212 72 212
64 213 75 213
63 228 74 228
64 248 71 248
65 3 75 3
65 22 70 23
65 25 73 25
64 34 74 34
65 48 75 48
64 58 75 58
65 76 69 77
65 81 76 81
65 109 73 109
65 112 74 112
65 115 76 115
65 159 76 159
65 164 76 164
65 172 74 172
65 177 72 177
65 184 69 185
64 203 71 203
65 221 76 221
64 226 74 226
65 227 74 227
65 235 74 235
66 21 77 21
66 49 77 49
66 51 75 51
66 52 77 52
66 53 76 53
66 55 74 55
66 61 77 61
66 78 74 78
66 87 75 87
66 93 73 93
66 96 76 96
66 111 77 111
66 114 74 114
66 127 74 127
66 129 75 129
66 130 74 130
66 176 74 176
66 180 77 180
66 186 74 186
66 192 75 192
66 193 75 193
66 194 77 194
64 204 74 204
66 233 77 233
67 11 75 11
67 19 75 19
67 28 77 28
67 47 75 47
67 74 75 74
67 89 74 89
67 104 78 104
67 105 69 107
67 113 78 113
67 131 78 131
67 145 75 145
67 152 74 152
67 157 75 157
67 165 78 165
67 173 78 173
67 189 70 190
67 191 77 191
67 198 78 198
66 223 77 223
67 232 76 232
67 238 72 239
67 242 76 242
68 0 76 0
68 6 78 6
68 7 78 7
68 20 78 20
68 32 79 32
68 39 77 39
68 42 77 42
68 46 79 46
68 56 77 56
68 60 79 60
68 64 79 64
68 71 76 71
68 94 79 94
68 118 78 118
68 136 79 136
68 139 75 139
68 141 79 141
67 151 77 151
67 183 76 183
68 187 72 188
68 202 77 202
68 209 77 209
68 225 79 225
68 243 76 243
68 247 79 247
69 2 80 2
68 8 76 8
69 14 79 14
69 26 78 26
69 29 80 29
69 31 78 31
69 57 77 57
69 67 80 67
69 120 80 120
69 137 80 137
69 146 80 146
69 160 80 160
69 168 71 170
69 171 80 171
69 179 78 179
69 205 77 205
69 217 80 217
69 240 80 240
69 245 73 246
70 4 81 4
70 16 78 16
70 37 80 37
70 59 81 59
70 62 78 62
70 76 74 77
70 79 79 79
70 80 80 80
70 91 79 91
70 100 81 100
70 101 79 101
70 107 80 107
70 125 74 126
70 142 78 142
70 153 81 153
69 154 79 154
70 156 80 156
70 158 81 158
70 161 77 161
70 162 74 163
70 178 80 178
70 184 73 185
70 195 81 195
70 206 78 206
70 214 78 214
70 215 74 216
70 244 81 244
70 249 81 249
71 15 82 15
71 18 80 18
71 22 75 23
71 24 82 24
71 30 82 30
71 33 82 33
71 40 78 40
71 43 82 43
71 69 80 69
71 84 82 84
68 92 79 92
71 97 81 97
71 98 78 98
68 110 75 110
71 123 80 123
70 124 79 124
71 133 74 134
69 140 78 140
69 143 78 143
71 144 81 144
71 167 82 167
71 189 82 189
71 190 81 190
71 207 80 207
71 208 79 208
71 210 81 210
71 224 82 224
71 229 79 229
67 236 78 236
72 1 81 1
72 12 83 12
72 35 80 35
72 36 81 36
72 82 83 82
72 83 83 83
72 95 80 95
72 99 83 99
72 102 83 102
71 103 82 103
72 147 83 147
72 149 82 149
72 168 80 168
72 169 80 169
72 203 80 203
72 218 76 219
72 230 83 230
73 13 84 13
73 44 84 44
73 45 84 45
73 50 84 50
73 63 84 63
73 68 84 68
73 73 84 73
70 105 79 105
70 106 78 106
73 108 84 108
73 148 84 148
73 166 82 166
72 170 81 170
73 174 84 174
73 177 84 177
73 187 81 187
73 212 81 212
73 220 81 220
73 222 81 222
73 234 81 234
73 238 81 238
73 248 84 248
74 5 82 5
74 9 82 9
74 17 83 17
74 25 84 25
74 54 81 54
74 65 82 65
73 85 80 85
74 88 85 88
74 93 81 93
74 109 82 109
74 116 78 117
72 121 83 121
73 138 83 138
74 184 79 185
73 188 81 188
74 199 79 200
74 201 85 201
74 246 82 246
75 10 82 10
75 34 83 34
75 66 84 66
75 75 83 75
75 76 77 78
75 86 83 86
75 89 83 89
75 90 86 90
75 112 82 112
75 114 82 114
75 125 78 126
75 127 84 127
75 130 83 130
75 133 83 133
75 134 78 135
75 150 83 150
75 152 84 152
75 163 85 163
75 172 86 172
75 175 83 175
75 176 83 176
75 181 83 181
75 197 84 197
75 204 82 204
75 211 86 211
75 215 86 215
75 226 85 226
75 227 79 228
75 235 84 235
74 237 83 237
76 11 87 11
76 22 83 22
76 41 87 41
76 48 86 48
76 51 83 51
76 58 84 58
76 72 87 72
76 74 83 74
76 110 86 110
75 128 83 128
76 129 87 129
76 145 86 145
76 155 87 155
76 157 83 157
75 162 83 162
76 192 84 192
76 193 84 193
75 231 82 231
75 239 86 239
74 245 85 245
77 0 87 0
77 3 88 3
77 8 86 8
77 19 88 19
77 47 88 47
77 53 85 53
77 71 84 71
77 81 86 81
77 96 88 96
76 119 87 119
76 122 87 122
77 139 88 139
77 159 88 159
77 164 87 164
77 182 82 183
76 216 87 216
77 218 84 218
77 219 85 219
77 232 87 232
77 241 81 242
78 21 86 21
76 23 83 23
78 27 82 28
78 38 89 38
78 39 87 39
78 42 86 42
78 52 89 52
78 55 82 56
78 57 87 57
78 78 86 78
78 111 89 111
77 115 87 115
74 132 85 132
78 180 86 180
78 191 88 191
78 202 88 202
78 205 89 205
78 209 86 209
77 213 88 213
77 221 88 221
78 223 85 223
79 6 86 6
79 7 86 7
79 16 90 16
79 20 89 20
79 26 86 26
79 31 87 31
79 40 90 40
78 61 89 61
79 62 89 62
79 76 90 76
79 87 90 87
79 98 90 98
79 104 86 104
79 106 88 106
79 116 87 116
79 118 87 118
79 125 89 125
79 126 88 126
79 134 84 135
79 140 86 140
79 142 83 143
79 151 90 151
79 179 87 179
79 186 90 186
79 198 86 198
79 206 86 206
79 214 89 214
79 236 88 236
80 14 91 14
80 60 89 60
80 64 88 64
80 70 91 70
80 79 89 79
80 91 87 91
80 92 87 92
80 101 91 101
80 105 91 105
80 124 88 124
80 131 91 131
80 141 91 141
80 154 87 154
80 184 91 184
80 200 91 200
80 208 91 208
80 225 91 225
80 227 90 227
80 228 90 228
80 229 88 229
80 247 90 247
81 2 88 2
81 18 91 18
81 29 90 29
81 35 92 35
81 37 89 37
80 46 91 46
80 49 91 49
81 69 91 69
80 94 90 94
81 95 91 95
81 107 89 107
81 123 89 123
80 136 89 136
81 137 92 137
81 146 92 146
81 156 90 156
80 161 91 161
81 168 90 168
81 169 91 169
81 171 90 171
81 178 89 178
81 203 91 203
81 207 92 207
81 217 92 217
82 1 93 1
82 4 92 4
82 36 91 36
82 54 90 54
82 59 90 59
82 77 93 77
82 93 91 93
82 97 93 97
82 100 92 100
82 144 90 144
82 153 91 153
82 158 92 158
79 165 88 165
82 170 89 170
82 187 90 187
82 188 93 188
82 190 89 190
81 194 92 194
82 210 90 210
82 212 91 212
82 220 93 220
82 222 92 222
82 233 93 233
82 234 92 234
82 238 91 238
81 240 91 240
82 241 90 241
82 242 92 242
82 243 87 244
83 5 91 5
83 9 88 10
83 24 90 24
83 27 87 28
83 30 94 30
83 55 87 56
83 65 94 65
83 80 94 80
83 84 90 84
83 85 94 85
83 103 93 103
83 109 90 109
83 112 85 114
83 149 90 149
83 166 91 166
79 173 87 173
83 182 87 183
83 189 94 189
80 199 90 199
83 224 90 224
83 231 90 231
84 12 95 12
84 17 94 17
84 22 95 22
84 23 95 23
84 34 91 34
84 51 91 51
84 74 94 74
84 75 92 75
84 82 92 82
84 83 92 83
84 86 92 86
84 89 92 89
84 120 88 121
84 128 94 128
84 130 95 130
84 133 93 133
84 142 93 142
84 143 94 143
84 147 93 147
84 157 93 157
84 162 94 162
84 175 95 175
84 176 92 176
84 181 91 181
84 185 95 185
84 230 93 230
84 237 92 237
85 25 95 25
83 33 91 33
85 43 87 45
85 50 92 50
85 58 96 58
85 66 93 66
85 71 94 71
85 134 93 134
85 192 89 193
83 195 94 195
85 196 90 197
85 218 96 218
85 235 95 235
85 246 96 246
85 248 88 249
86 13 97 13
86 53 95 53
85 63 93 63
81 67 92 67
85 73 93 73
86 88 94 88
85 99 96 99
86 102 97 102
86 112 89 113
86 114 97 114
82 117 93 117
86 132 95 132
85 135 95 135
86 138 97 138
85 150 96 150
86 152 97 152
85 160 96 160
86 163 97 163
84 167 95 167
86 201 97 201
86 219 96 219
86 223 94 223
86 226 96 226
86 245 95 245
87 6 97 6
87 7 98 7
87 8 98 8
87 21 94 21
87 26 94 26
87 42 98 42
87 48 95 48
87 78 95 78
87 104 98 104
87 127 98 127
87 145 97 145
86 148 97 148
85 174 94 174
85 177 95 177
87 180 94 180
87 198 98 198
87 206 95 206
87 209 98 209
87 239 98 239
88 0 99 0
88 11 98 11
87 15 98 15
88 27 96 27
88 31 97 31
88 39 99 39
88 56 95 56
88 57 99 57
88 72 99 72
88 81 99 81
87 90 98 90
88 91 96 91
88 92 95 92
88 115 91 116
88 118 95 118
88 119 99 119
88 122 98 122
88 154 92 155
88 164 95 164
88 173 97 173
88 179 99 179
88 182 96 182
88 183 99 183
88 211 99 211
88 216 97 216
88 232 99 232
88 243 92 244
89 2 99 2
89 3 99 3
89 10 97 10
89 19 100 19
89 44 94 45
89 47 97 47
89 106 100 106
85 108 93 108
89 120 93 121
89 124 96 124
89 126 100 126
89 139 98 139
89 140 100 140
89 159 100 159
89 191 100 191
89 202 99 202
89 213 100 213
89 221 98 221
89 229 97 229
89 236 96 236
89 248 98 248
89 249 98 249
90 9 101 9
90 20 101 20
88 28 96 28
90 37 94 38
88 41 98 41
88 55 97 55
90 60 99 60
90 61 97 61
90 62 101 62
90 79 100 79
89 96 100 96
90 107 98 107
90 111 92 113
90 123 100 123
90 125 101 125
88 129 95 129
90 136 99 136
90 170 98 170
90 178 100 178
90 190 101 190
90 192 94 193
90 204 101 204
90 214 94 215
91 24 102 24
91 29 101 29
91 40 98 40
91 54 98 54
91 64 102 64
91 76 100 76
91 84 98 84
91 98 102 98
91 109 101 109
91 144 100 144
91 149 100 149
91 156 102 156
91 165 102 165
91 168 100 168
91 171 102 171
87 172 96 172
91 187 101 187
91 196 95 197
91 199 101 199
91 210 102 210
91 227 99 227
91 228 99 228
91 231 102 231
91 247 100 247
92 5 100 5
91 16 98 16
88 32 99 32
92 33 103 33
92 34 103 34
92 36 100 36
92 43 103 43
92 46 100 46
92 49 99 49
92 51 99 51
92 59 103 59
92 68 103 68
92 69 99 69
92 93 102 93
92 94 97 95
92 115 100 115
92 131 100 131
91 151 98 151
92 153 100 153
92 161 100 161
92 166 103 166
92 169 100 169
92 181 99 181
92 200 103 200
92 203 103 203
90 205 98 205
92 212 103 212
92 238 100 238
92 240 103 240
92 241 103 241
93 4 102 4
92 14 101 14
93 35 102 35
93 50 101 50
90 52 97 52
93 67 104 67
93 75 100 75
93 82 100 82
93 83 104 83
93 86 101 86
91 87 102 87
93 89 103 89
93 100 102 100
93 111 102 111
93 112 97 113
92 116 102 116
93 137 103 137
93 154 103 154
93 155 103 155
93 176 104 176
93 184 104 184
93 194 103 194
92 208 102 208
93 217 104 217
93 222 101 222
93 234 104 234
93 237 104 237
93 242 104 242
93 243 96 244
94 1 101 1
94 63 105 63
94 66 103 66
93 70 104 70
94 73 104 73
94 97 101 97
94 103 105 103
92 105 101 105
94 108 105 108
94 117 105 117
94 120 97 121
94 133 98 134
92 141 100 141
94 142 102 142
94 147 103 147
94 157 105 157
91 186 99 186
94 188 105 188
93 207 101 207
94 224 105 224
92 225 103 225
94 230 103 230
95 17 102 17
95 26 106 26
95 37 104 37
95 44 105 44
95 45 104 45
95 65 102 65
95 74 102 74
95 85 103 85
95 143 104 143
93 146 104 146
95 158 106 158
95 162 106 162
95 174 102 174
95 192 106 192
95 193 106 193
95 195 104 195
95 214 102 214
95 215 104 215
95 223 104 223
94 233 105 233
96 21 99 23
96 25 105 25
96 48 104 48
96 53 104 53
96 56 107 56
94 77 102 77
96 78 107 78
95 80 103 80
96 88 107 88
96 92 104 92
96 118 107 118
96 129 107 129
96 135 104 135
96 164 105 164
96 167 107 167
96 175 107 175
96 177 105 177
96 197 103 197
96 206 105 206
96 235 105 235
96 245 107 245
97 12 108 12
97 27 104 27
95 30 103 30
97 91 105 91
97 124 108 124
97 130 108 130
97 132 108 132
97 150 108 150
97 160 106 160
97 172 107 172
96 180 107 180
97 182 108 182
95 189 103 189
96 196 105 196
97 218 104 218
97 219 100 220
97 226 108 226
97 236 104 236
97 243 108 243
97 244 107 244
98 6 108 6
98 13 109 13
98 31 105 31
98 52 107 52
98 94 107 94
98 102 107 102
98 113 102 114
98 120 101 121
98 128 109 128
98 138 108 138
98 145 107 145
98 152 108 152
98 201 107 201
99 7 103 8
99 15 106 15
99 16 110 16
99 40 110 40
99 41 109 41
99 54 109 54
99 55 110 55
99 84 109 84
94 101 105 101
99 107 106 107
95 110 106 110
99 112 110 112
99 122 109 122
99 133 110 133
99 151 106 151
99 163 110 163
99 170 107 170
99 198 110 198
99 205 107 205
99 209 107 209
99 221 110 221
99 248 110 248
100 2 103 3
100 10 105 11
100 21 105 22
100 23 109 23
100 32 110 32
100 38 103 39
100 42 111 42
100 49 107 49
100 51 109 51
97 58 108 58
100 60 111 60
100 69 108 69
100 119 108 119
99 127 108 127
100 136 111 136
100 181 111 181
96 185 106 185
100 186 108 186
100 202 110 202
100 227 108 227
100 228 104 229
99 239 107 239
99 246 110 246
100 0 111 0
101 5 109 5
101 19 112 19
101 36 108 36
101 46 105 47
101 61 112 61
101 75 112 75
101 79 109 79
101 81 104 82
101 95 105 96
99 104 110 104
101 115 109 115
101 123 111 123
101 131 111 131
101 140 112 140
101 141 112 141
101 144 108 144
101 148 104 149
101 153 111 153
101 161 109 161
101 168 106 169
101 178 106 179
101 183 112 183
101 191 108 191
100 211 107 211
101 219 106 220
101 247 109 247
102 1 109 1
102 14 110 14
102 28 106 29
102 50 113 50
102 62 113 62
102 76 113 76
102 86 109 86
102 97 110 97
102 105 113 105
101 106 111 106
102 109 110 109
102 120 106 121
102 125 110 125
101 126 112 126
100 134 111 134
102 187 113 187
102 190 112 190
102 199 112 199
102 207 109 207
102 222 111 222
103 4 110 4
103 9 114 9
103 17 112 17
103 35 111 35
100 57 109 57
103 65 113 65
103 74 114 74
103 77 112 77
103 87 110 87
103 93 110 93
103 99 107 100
103 111 111 111
103 113 106 114
103 116 112 116
103 142 114 142
103 165 114 165
103 171 111 171
103 174 112 174
103 208 114 208
103 213 108 214
103 231 107 232
104 2 115 2
104 3 113 3
104 7 111 7
104 30 115 30
104 33 112 33
104 34 111 34
104 38 107 39
104 59 112 59
104 66 111 66
100 72 110 72
104 80 112 80
104 85 115 85
104 89 109 90
103 98 114 98
104 137 112 137
104 139 115 139
104 147 115 147
104 154 114 154
104 155 108 156
104 166 114 166
104 189 111 189
104 194 115 194
104 197 113 197
104 200 114 200
104 203 111 203
104 225 113 225
104 230 115 230
105 18 116 18
102 20 113 20
103 24 114 24
105 27 114 27
105 37 113 37
104 43 114 43
105 45 115 45
105 48 115 48
105 53 113 53
104 68 115 68
105 70 110 71
105 73 115 73
105 81 115 81
105 82 109 83
105 92 113 92
105 135 116 135
105 143 115 143
105 146 114 146
105 149 114 149
100 173 111 173
105 176 112 176
105 195 114 195
102 204 110 204
105 215 113 215
105 216 109 217
105 218 116 218
105 223 112 223
105 228 113 228
105 229 114 229
105 236 113 236
105 237 108 238
105 240 108 242
106 21 113 21
106 22 113 22
106 25 116 25
106 31 114 31
106 44 116 44
106 46 114 46
106 47 117 47
106 63 110 64
106 67 117 67
106 91 115 91
106 96 115 96
106 101 115 101
106 177 113 177
106 188 116 188
106 196 114 196
106 206 115 206
104 212 111 212
106 233 113 233
106 235 116 235
107 10 118 10
107 15 118 15
107 26 117 26
106 95 116 95
107 107 116 107
107 110 117 110
107 113 115 113
107 117 118 117
107 120 110 121
106 157 117 157
107 160 117 160
107 168 112 169
107 179 118 179
107 185 115 185
107 192 116 192
107 219 111 220
106 224 117 224
108 11 119 11
107 28 117 28
108 38 113 39
108 52 116 52
108 56 117 56
108 88 118 88
108 94 116 94
108 99 112 100
108 102 113 103
108 151 119 151
107 158 112 159
108 170 119 170
108 172 116 172
108 175 119 175
108 180 118 180
105 184 114 184
108 201 118 201
108 205 116 205
108 209 115 209
108 211 115 211
108 231 117 231
108 239 119 239
108 244 115 244
108 245 115 245
109 6 118 6
109 8 120 8
109 36 120 36
109 58 117 58
109 69 118 69
106 108 117 108
107 114 118 114
109 119 116 119
109 127 117 127
109 129 112 130
109 144 118 144
109 152 119 152
109 156 116 156
107 162 115 162
108 167 115 167
109 186 117 186
109 191 117 191
109 213 113 214
109 226 112 227
109 238 120 238
109 240 112 241
109 242 114 243
110 1 117 1
110 5 121 5
110 23 117 23
110 29 121 29
110 41 117 41
110 51 119 51
110 54 119 54
110 57 121 57
110 78 114 79
110 83 119 83
110 84 121 84
110 86 119 86
110 115 118 115
110 122 117 122
109 132 118 132
110 138 121 138
110 145 121 145
110 148 121 148
110 150 121 150
110 161 118 161
110 164 121 164
107 193 115 193
110 207 118 207
110 216 118 216
110 217 120 217
110 232 121 232
109 237 118 237
110 247 119 247
111 4 118 4
111 12 114 14
111 32 122 32
111 55 121 55
111 63 119 63
111 70 115 71
111 72 120 72
110 82 117 82
111 87 120 87
110 89 119 89
111 93 121 93
111 97 121 97
111 104 118 104
111 112 119 112
111 120 115 121
109 124 116 124
111 125 121 125
111 155 122 155
109 182 116 182
111 202 122 202
111 204 121 204
111 246 119 246
111 248 115 249
112 0 120 0
112 7 119 7
112 34 119 34
112 35 119 35
112 42 120 42
112 66 121 66
112 106 123 106
112 111 119 111
112 123 120 123
112 131 122 131
112 134 121 134
112 153 122 153
112 163 123 163
112 171 122 171
112 173 121 173
109 178 120 178
112 189 122 189
111 198 119 198
112 203 120 203
108 210 119 210
112 212 120 212
112 219 122 219
112 220 123 220
112 222 121 222
113 16 124 16
113 17 124 17
113 33 121 33
113 59 117 60
113 61 123 61
113 75 124 75
113 77 121 77
113 80 124 80
113 99 122 99
113 100 122 100
108 118 118 118
113 126 123 126
113 128 117 129
113 136 117 137
113 158 120 158
113 174 123 174
113 176 122 176
113 190 124 190
113 199 123 199
111 221 119 221
113 223 120 223
113 226 120 226
113 234 124 234
113 240 117 241
114 3 121 3
114 20 122 20
114 21 123 21
114 22 121 22
114 37 123 37
114 38 117 40
114 50 121 50
114 53 125 53
114 64 119 65
114 76 122 76
114 92 123 92
114 102 117 103
114 105 122 105
113 130 124 130
111 133 122 133
114 140 119 141
114 168 125 168
113 169 123 169
114 177 125 177
114 181 125 181
114 197 125 197
114 214 123 214
114 225 125 225
113 227 122 227
114 228 124 228
114 233 121 233
114 236 121 236
115 13 126 13
113 19 123 19
115 24 126 24
115 27 123 27
115 43 124 43
115 46 126 46
115 78 119 79
115 98 123 98
115 116 126 116
115 146 126 146
115 149 125 149
113 159 121 159
115 165 122 165
115 166 126 166
113 183 122 183
115 184 124 184
114 187 125 187
115 195 126 195
115 196 124 196
115 200 126 200
115 208 124 208
114 213 124 213
115 229 124 229
115 243 124 243
116 30 120 31
116 45 126 45
116 48 127 48
116 68 125 68
116 71 127 71
116 73 121 74
116 81 127 81
116 85 126 85
116 90 120 91
116 96 124 96
116 101 124 101
116 113 126 113
116 120 120 121
116 139 126 139
116 142 127 142
116 143 126 143
116 154 127 154
116 162 123 162
116 167 125 167
116 185 123 185
116 193 124 193
116 206 127 206
116 209 126 209
116 211 124 211
116 215 127 215
115 242 124 242
116 244 119 245
116 249 123 249
117 14 128 14
117 25 124 25
117 44 126 44
112 49 123 49
117 52 127 52
114 62 123 62
117 94 125 94
117 95 126 95
117 107 127 107
117 119 126 119
117 124 126 124
117 135 124 135
117 156 126 156
117 172 128 172
117 182 128 182
117 188 128 188
117 192 127 192
116 194 124 194
117 205 125 205
117 218 127 218
117 235 125 235
116 248 126 248
118 1 122 2
115 9 122 9
118 26 129 26
118 28 128 28
118 38 127 38
118 39 127 39
118 40 127 40
118 41 128 41
118 47 126 47
118 56 128 56
118 58 129 58
118 59 122 60
118 82 128 82
118 103 129 103
118 108 127 108
118 110 126 110
118 122 129 122
118 127 125 127
118 128 122 129
118 136 127 136
118 137 126 137
117 147 128 147
118 160 127 160
118 186 129 186
118 191 126 191
118 224 126 224
118 230 121 231
118 240 123 241
119 4 130 4
119 6 130 6
119 10 128 10
117 18 126 18
119 69 124 70
119 88 126 88
119 102 130 102
119 104 129 104
119 114 129 114
119 115 128 115
119 117 127 117
119 118 128 118
119 132 129 132
119 144 127 144
119 157 130 157
119 161 127 161
119 179 128 179
119 180 130 180
119 201 126 201
119 207 128 207
119 216 127 216
119 237 130 237
120 7 130 7
120 11 127 11
120 34 131 34
120 35 127 35
120 51 128 51
120 63 122 65
120 78 131 78
120 83 131 83
120 86 129 86
120 89 128 89
120 111 123 112
120 140 129 140
120 141 127 141
120 151 131 151
120 152 131 152
120 198 128 198
120 210 129 210
120 221 131 221
120 245 128 245
120 247 131 247
121 0 132 0
121 8 132 8
120 23 131 23
121 30 130 30
121 42 132 42
118 67 126 67
121 72 130 72
121 87 128 87
121 90 125 91
113 109 124 109
121 120 125 121
121 123 132 123
121 158 129 158
121 170 132 170
121 175 132 175
121 178 130 178
121 203 129 203
121 212 128 212
121 217 132 217
121 223 129 223
121 226 129 226
121 238 130 238
120 244 131 244
122 3 129 3
122 5 131 5
122 50 131 50
122 54 126 55
122 66 133 66
122 73 125 74
120 79 129 79
122 93 133 93
122 97 131 97
122 134 129 134
122 159 130 159
122 173 133 173
122 204 129 204
122 222 133 222
122 230 124 232
122 233 131 233
123 1 134 1
123 2 132 2
123 9 130 9
119 15 128 15
123 20 130 20
123 31 125 33
123 59 131 59
123 63 134 63
123 64 127 65
123 76 128 77
123 84 134 84
123 99 134 99
123 100 131 100
123 125 134 125
123 129 130 129
123 131 133 131
123 133 132 133
122 148 130 148
123 155 132 155
123 165 132 165
123 171 132 171
123 176 133 176
123 183 134 183
123 189 130 189
123 202 134 202
123 219 132 219
123 227 134 227
123 246 134 246
124 21 135 21
124 22 135 22
124 27 133 27
122 29 130 29
124 37 133 37
124 49 132 49
123 60 130 60
124 61 128 62
124 92 131 92
124 98 134 98
124 105 128 106
124 111 133 111
124 112 132 112
124 126 133 126
124 128 135 128
122 138 129 138
122 145 132 145
122 150 131 150
124 162 127 163
124 169 135 169
124 185 135 185
124 199 132 199
124 214 132 214
123 236 134 236
120 239 130 239
124 240 128 241
124 249 133 249
125 19 136 19
125 25 136 25
125 36 136 36
125 43 134 43
125 80 134 80
125 96 135 96
125 101 135 101
125 130 135 130
125 135 135 135
125 174 136 174
125 190 136 190
125 193 134 193
125 196 133 196
125 208 135 208
125 211 132 211
125 213 136 213
124 220 134 220
125 228 134 228
125 231 136 231
125 242 136 242
125 243 135 243
126 31 134 31
126 53 134 53
122 57 132 57
126 68 129 69
126 74 129 75
126 90 137 90
126 91 134 91
126 109 137 109
126 121 137 121
126 127 134 127
126 149 137 149
122 164 129 164
126 167 133 167
126 168 136 168
126 181 133 181
126 187 135 187
126 205 134 205
126 225 133 225
126 230 137 230
125 232 132 232
125 234 133 234
126 235 136 235
127 17 131 18
127 45 132 46
127 47 138 47
127 54 131 55
127 67 138 67
125 70 135 70
127 85 135 85
127 88 136 88
127 94 138 94
127 95 137 95
127 113 138 113
127 116 138 116
127 119 135 119
127 120 138 120
127 137 135 137
127 139 135 139
127 143 138 143
127 156 136 156
127 166 137 166
126 177 133 177
127 191 136 191
127 195 138 195
127 197 138 197
127 200 130 201
127 209 137 209
127 229 138 229
128 11 135 11
125 16 133 16
127 24 134 24
128 35 138 35
128 38 136 38
128 39 133 40
128 44 139 44
128 48 137 48
128 52 138 52
128 64 139 64
128 65 137 65
128 107 131 108
128 117 138 117
128 124 139 124
128 136 137 136
128 141 132 142
127 146 135 146
128 154 137 154
128 160 130 163
128 192 139 192
128 215 138 215
128 216 139 216
128 218 139 218
128 224 139 224
129 10 137 10
129 12 134 13
129 14 140 14
129 15 140 15
129 28 138 28
129 41 138 41
129 51 136 51
129 56 137 56
129 61 139 61
128 71 136 71
129 73 140 73
129 76 133 77
129 82 137 82
129 87 140 87
129 89 140 89
129 106 140 106
129 118 140 118
129 179 138 179
129 182 138 182
129 198 140 198
129 207 138 207
129 212 137 212
129 240 138 240
129 241 138 241
129 245 139 245
128 248 139 248
130 3 138 3
130 26 141 26
129 62 139 62
130 68 141 68
130 69 138 69
130 74 138 74
130 75 139 75
130 79 140 79
130 86 138 86
130 103 138 103
130 104 133 105
130 114 141 114
130 122 139 122
130 132 138 132
130 138 141 138
130 140 139 140
130 144 141 144
130 147 141 147
125 153 136 153
130 158 138 158
130 164 141 164
130 186 138 186
130 203 141 203
130 204 141 204
130 210 139 210
130 223 140 223
130 226 139 226
131 6 136 7
131 9 141 9
131 20 140 20
131 29 134 30
131 32 142 32
131 60 139 60
131 72 139 72
131 102 139 102
131 129 142 129
131 148 138 148
131 157 138 157
131 159 141 159
131 160 141 160
131 162 134 163
131 178 142 178
129 184 140 184
130 188 141 188
131 189 140 189
131 194 142 194
131 201 141 201
128 206 138 206
131 238 138 238
131 239 139 239
131 4 139 4
132 5 140 5
132 17 137 18
132 23 143 23
132 50 140 50
132 54 143 54
132 59 140 59
132 92 141 92
132 100 143 100
132 107 137 108
132 150 136 151
132 152 143 152
131 180 139 180
131 200 139 200
132 221 143 221
132 244 143 244
133 2 142 2
133 8 143 8
132 34 139 34
133 42 143 42
133 49 143 49
132 55 143 55
133 57 140 57
133 112 141 112
133 115 144 115
133 123 144 123
133 133 143 133
133 141 137 142
133 155 143 155
131 161 139 161
133 165 143 165
133 171 144 171
129 172 138 172
133 199 141 199
133 211 144 211
133 214 144 214
133 217 143 217
133 219 144 219
133 232 137 233
132 247 140 247
133 0 142 0
134 16 141 16
134 27 143 27
134 37 142 37
134 39 141 39
133 45 140 45
133 46 140 46
131 58 142 58
134 76 139 77
133 78 144 78
133 83 144 83
134 97 145 97
134 104 137 105
134 110 139 111
134 126 142 126
134 131 141 131
134 167 141 167
133 170 142 170
134 173 144 173
133 175 140 175
134 176 143 176
134 181 142 181
134 196 143 196
134 225 141 225
134 234 143 234
134 249 142 249
135 12 145 12
135 13 146 13
135 24 146 24
135 29 138 30
135 31 143 31
135 43 146 43
135 63 146 63
135 80 142 80
135 98 146 98
135 99 144 99
135 127 145 127
135 162 146 162
135 193 146 193
135 205 146 205
135 220 144 220
135 227 143 227
135 228 146 228
135 236 146 236
135 246 144 246
136 11 143 11
136 53 147 53
136 70 143 70
136 84 140 85
136 96 147 96
136 101 144 101
136 119 147 119
135 125 143 125
136 135 144 135
136 137 147 137
136 139 146 139
136 145 141 146
136 187 146 187
135 202 146 202
136 208 145 208
135 1 146 1
137 25 147 25
137 38 148 38
137 51 145 51
137 88 146 88
137 134 148 134
137 150 142 151
137 153 146 153
137 168 148 168
135 183 144 183
137 191 148 191
135 222 146 222
137 7 147 7
138 10 145 10
138 17 141 19
138 21 149 21
136 22 147 22
138 48 146 48
138 56 146 56
138 65 147 65
138 82 148 82
138 90 145 90
138 95 148 95
138 104 149 104
138 105 146 105
138 107 140 109
136 128 143 128
138 130 149 130
138 136 147 136
138 141 146 141
138 142 149 142
138 149 147 149
138 154 149 154
138 166 147 166
136 177 147 177
137 190 146 190
138 209 146 209
138 212 146 212
138 230 139 233
138 237 149 237
137 242 144 242
139 3 148 3
137 6 146 6
139 28 141 30
139 35 144 36
139 41 146 41
139 52 147 52
134 66 142 66
139 67 146 67
139 69 148 69
139 74 150 74
139 86 150 86
134 93 145 93
139 94 150 94
139 103 149 103
139 113 147 113
139 117 148 117
139 120 150 120
138 121 146 121
139 132 148 132
139 148 150 148
139 156 142 158
135 163 143 163
139 172 150 172
139 179 150 179
139 182 150 182
139 185 143 186
139 195 150 195
139 206 150 206
139 215 146 215
139 235 150 235
139 240 143 241
140 4 150 4
140 34 151 34
136 40 147 40
140 60 151 60
140 61 149 61
140 62 149 62
140 72 149 72
140 75 143 76
140 102 151 102
140 122 149 122
140 124 151 124
140 140 151 140
139 143 147 143
140 161 148 161
140 180 148 180
140 192 147 192
140 200 151 200
140 210 147 210
137 213 147 213
140 218 148 218
140 224 149 224
140 230 142 232
140 239 151 239
140 245 151 245
140 248 147 248
141 5 152 5
141 14 151 14
141 20 152 20
140 44 151 44
141 45 151 45
141 46 144 47
141 57 149 57
141 59 148 59
141 79 148 79
141 84 150 84
141 89 149 89
141 106 150 106
141 107 142 111
141 118 150 118
141 175 150 175
141 184 151 184
141 197 146 198
141 223 149 223
141 247 152 247
142 9 153 9
142 16 150 16
142 17 151 17
142 19 153 19
142 28 147 29
142 30 151 30
142 39 151 39
140 64 147 64
142 68 150 68
142 81 153 81
141 85 150 85
141 87 151 87
142 91 153 91
142 92 153 92
142 112 151 112
142 131 151 131
142 138 152 138
142 145 146 146
142 159 146 160
142 167 151 167
142 174 153 174
142 188 153 188
142 201 153 201
142 203 153 203
140 216 147 216
142 225 147 226
139 229 150 229
140 233 148 233
143 0 152 0
141 15 148 15
142 26 150 26
143 32 154 32
143 37 153 37
143 50 154 50
143 58 154 58
143 66 154 66
140 77 148 77
143 80 152 80
143 107 144 111
143 150 154 150
143 151 151 151
143 157 148 158
143 164 154 164
143 169 154 169
143 178 152 178
143 189 154 189
143 194 151 194
143 230 151 230
143 232 151 232
144 2 155 2
144 11 153 11
144 27 153 27
144 31 152 31
142 33 153 33
144 42 154 42
144 54 147 55
144 70 151 70
144 75 155 75
142 114 150 114
139 116 147 116
144 125 153 125
144 126 155 126
144 128 155 128
144 129 155 129
144 133 152 133
142 144 153 144
142 147 152 147
144 152 153 152
144 163 152 163
144 165 152 165
144 176 155 176
144 185 155 185
144 196 152 196
144 199 155 199
144 217 153 217
144 221 155 221
144 227 155 227
144 234 152 234
144 238 155 238
144 240 155 240
143 18 154 18
144 23 151 23
145 35 149 36
145 46 149 47
145 78 155 78
145 83 154 83
145 99 154 99
144 100 154 100
145 101 152 101
145 107 152 107
145 109 155 109
145 123 156 123
145 135 153 135
145 171 153 171
145 173 155 173
145 183 153 183
145 204 156 204
145 207 156 207
145 211 155 211
145 220 155 220
144 241 152 241
145 242 150 243
145 246 154 246
144 249 155 249
146 10 157 10
146 12 153 12
146 71 157 71
145 108 152 108
145 111 154 111
146 127 156 127
146 155 157 155
145 186 156 186
146 208 155 208
145 214 153 214
147 1 155 1
147 6 154 6
147 48 155 48
147 56 158 56
147 63 155 63
146 76 157 76
147 88 155 88
147 90 158 90
146 97 154 97
147 98 155 98
147 115 158 115
147 121 154 121
147 139 156 139
147 141 158 141
147 145 154 145
147 146 158 146
147 153 158 153
147 159 156 159
147 187 154 187
147 197 152 198
147 202 158 202
147 209 157 209
147 212 157 212
147 215 157 215
145 219 156 219
147 222 157 222
147 228 155 228
148 7 158 7
147 13 156 13
148 22 158 22
147 24 157 24
148 25 156 25
148 28 155 28
148 29 157 29
148 40 159 40
147 43 154 43
148 52 149 55
148 64 156 64
148 67 159 67
148 113 156 113
148 116 158 116
148 136 156 136
148 137 156 137
148 143 157 143
148 149 159 149
147 160 154 160
147 162 154 162
148 166 159 166
148 177 159 177
148 192 157 192
147 193 154 193
148 210 156 210
148 216 158 216
148 226 155 226
148 231 159 231
148 248 156 248
149 3 156 3
149 8 160 8
149 15 159 15
149 59 158 59
149 69 158 69
149 79 158 79
149 82 158 82
149 93 160 93
149 95 152 96
149 105 160 105
149 117 159 117
149 132 156 132
149 156 151 158
149 161 156 161
149 168 159 168
149 170 160 170
149 180 159 180
148 205 159 205
149 218 158 218
148 225 158 225
149 233 157 233
150 21 161 21
150 35 153 36
149 38 157 38
150 46 161 46
150 51 151 55
150 57 157 57
150 61 155 62
150 65 161 65
150 72 157 72
144 73 155 73
150 89 161 89
150 103 158 103
150 122 160 122
150 130 157 130
150 142 157 142
150 154 160 154
150 190 161 190
150 191 161 191
150 223 155 224
151 4 162 4
151 16 160 16
151 26 162 26
150 47 159 47
151 68 160 68
151 74 162 74
151 84 162 84
151 85 158 85
151 86 162 86
151 94 159 94
150 104 157 104
151 106 162 106
151 114 162 114
151 118 154 120
151 172 162 172
151 175 159 175
151 179 160 179
151 181 155 182
151 213 162 213
151 229 159 229
151 235 159 235
151 242 153 244
152 14 163 14
152 17 162 17
152 23 159 23
152 30 159 30
152 34 161 34
152 39 163 39
152 44 163 44
152 45 160 45
152 51 163 51
152 52 156 53
152 54 163 54
152 55 159 55
152 60 163 60
152 70 159 70
152 87 160 87
152 102 160 102
152 124 163 124
152 131 163 131
151 148 160 148
152 151 159 151
152 156 163 156
152 157 161 157
152 158 163 158
152 167 161 167
152 194 162 194
151 195 161 195
152 200 163 200
152 206 163 206
152 230 161 230
152 232 160 232
150 237 161 237
153 0 164 0
153 31 160 31
153 80 160 80
153 95 162 95
153 96 163 96
153 101 160 101
153 107 162 107
153 108 161 108
149 110 160 110
153 112 164 112
153 133 160 133
153 138 160 138
153 147 161 147
153 163 162 163
153 165 162 165
153 178 160 178
153 196 161 196
153 197 161 197
153 234 161 234
151 236 162 236
153 241 162 241
153 5 162 5
154 9 162 9
154 11 163 11
154 19 164 19
154 27 163 27
154 33 165 33
154 35 159 36
154 37 165 37
147 49 158 49
154 92 165 92
154 125 165 125
149 134 159 134
154 135 164 135
154 140 165 140
154 152 164 152
154 171 164 171
154 174 165 174
154 183 163 183
154 188 161 188
153 198 162 198
154 214 165 214
154 217 165 217
154 243 157 244
155 6 162 6
155 12 166 12
155 18 166 18
155 41 158 43
155 50 163 50
155 66 163 66
154 81 162 81
155 83 165 83
155 97 165 97
155 99 158 100
155 111 165 111
155 118 157 120
155 121 166 121
155 144 166 144
155 160 164 160
155 162 164 162
155 187 164 187
155 189 163 189
154 242 164 242
153 245 164 245
155 246 162 246
156 1 164 1
156 2 166 2
156 32 167 32
155 58 165 58
156 61 165 61
156 63 167 63
156 73 167 73
153 77 164 77
156 88 165 88
154 91 165 91
156 98 163 98
156 109 167 109
156 126 163 126
156 128 159 129
156 145 167 145
156 150 167 150
155 169 164 169
156 173 164 173
156 176 163 176
156 181 164 181
156 185 164 185
156 201 167 201
155 203 166 203
156 208 167 208
156 211 167 211
156 220 160 221
156 226 164 226
156 227 161 228
156 239 160 240
156 249 164 249
157 3 168 3
157 13 168 13
157 25 168 25
157 52 160 53
156 62 164 62
157 64 165 64
156 75 166 75
157 113 166 113
157 127 168 127
157 132 165 132
157 136 162 137
157 139 166 139
157 159 168 159
157 161 164 161
157 207 165 207
157 210 164 210
157 219 165 219
156 224 165 224
157 247 160 248
158 10 169 10
158 24 165 24
158 29 169 29
158 38 165 38
158 57 165 57
158 71 162 72
158 104 166 104
158 119 166 119
158 130 166 130
158 142 169 142
158 143 165 143
158 155 168 155
156 182 164 182
158 192 166 192
158 215 168 215
158 222 167 222
158 223 169 223
158 233 165 233
156 238 165 238
158 243 167 243
158 244 168 244
159 7 170 7
159 22 168 22
159 43 170 43
159 49 170 49
159 69 167 69
159 78 164 79
159 82 170 82
159 85 170 85
159 99 168 99
159 100 168 100
159 103 167 103
159 115 162 116
158 118 169 118
158 120 168 120
159 146 168 146
159 153 170 153
159 164 170 164
159 184 170 184
159 186 170 186
156 199 165 199
159 202 168 202
159 204 170 204
159 218 170 218
159 225 170 225
160 15 167 15
160 23 171 23
160 30 168 30
160 35 171 35
160 47 169 47
160 55 170 55
159 56 169 56
159 76 170 76
160 94 168 94
160 117 171 117
160 128 170 128
160 129 171 129
160 134 168 134
160 151 168 151
160 166 171 166
160 168 167 168
160 175 170 175
160 177 169 177
160 193 171 193
160 205 168 205
160 216 171 216
160 229 168 229
160 231 168 231
160 235 168 235
161 16 169 16
161 28 172 28
161 31 172 31
160 40 171 40
159 41 164 42
161 45 170 45
161 52 168 52
161 53 169 53
160 67 169 67
161 68 172 68
161 80 171 80
161 87 172 87
161 101 164 102
161 110 172 110
161 122 172 122
160 123 171 123
161 133 171 133
161 138 172 138
161 148 171 148
161 170 168 170
161 178 164 179
161 220 168 220
161 221 172 221
161 232 172 232
161 239 165 240
161 248 172 248
162 20 167 21
162 34 172 34
160 36 167 36
161 48 172 48
162 70 173 70
162 90 173 90
161 93 171 93
162 108 171 108
162 147 172 147
162 157 171 157
162 167 169 167
162 188 172 188
162 190 169 190
162 195 165 196
162 197 173 197
162 227 165 228
162 230 169 230
162 234 172 234
162 237 173 237
163 4 172 4
163 5 167 6
163 9 170 9
163 26 170 26
162 46 172 46
163 59 174 59
163 71 171 71
163 72 171 72
163 74 171 74
163 81 173 81
163 86 174 86
162 89 170 89
163 95 174 95
163 105 167 106
163 107 171 107
163 115 172 115
163 116 174 116
163 137 174 137
163 149 174 149
162 191 170 191
163 194 173 194
163 209 174 209
163 236 170 236
163 241 172 241
163 246 174 246
164 27 174 27
164 44 174 44
164 50 173 50
164 60 173 60
162 65 173 65
164 66 174 66
164 96 174 96
164 98 174 98
163 114 171 114
164 126 172 126
164 165 175 165
164 176 171 176
164 180 175 180
164 183 172 183
164 189 172 189
163 213 170 213
165 0 168 1
165 11 176 11
165 19 173 19
164 39 174 39
165 41 169 42
164 54 175 54
165 62 173 62
165 77 173 77
165 78 174 78
165 101 168 102
165 131 176 131
165 135 173 135
165 136 176 136
165 152 176 152
164 156 175 156
165 160 168 162
165 163 176 163
165 171 173 171
165 172 169 173
165 178 176 178
165 179 175 179
165 181 176 181
165 182 175 182
165 185 173 185
165 187 175 187
165 198 176 198
164 200 172 200
165 210 172 210
165 226 175 226
165 242 172 242
165 245 175 245
161 247 172 247
165 249 176 249
161 8 171 8
166 24 177 24
166 37 169 38
164 51 174 51
166 57 174 57
166 58 174 58
166 61 174 61
166 64 176 64
166 83 170 84
166 88 174 88
166 91 174 91
166 97 175 97
166 111 169 112
166 132 177 132
164 158 171 158
166 195 177 195
166 199 176 199
165 206 176 206
166 207 176 207
166 212 177 212
166 214 176 214
166 217 177 217
166 219 176 219
166 224 175 224
166 227 170 228
166 233 177 233
166 238 175 238
166 239 177 239
166 240 173 240
167 12 176 12
167 75 178 75
165 79 176 79
167 104 175 104
167 113 176 113
167 119 177 119
166 125 174 125
167 130 175 130
167 139 175 139
167 143 171 144
167 196 178 196
167 203 178 203
168 5 172 6
168 15 176 15
167 18 175 18
168 36 175 36
168 69 177 69
168 73 175 73
166 92 173 92
168 103 175 103
168 105 179 105
168 106 179 106
167 141 178 141
168 150 175 150
168 168 179 168
166 174 175 174
168 211 179 211
168 222 176 222
168 243 177 243
169 1 177 1
169 2 180 2
169 3 178 3
169 20 172 22
169 25 178 25
169 30 178 30
169 52 180 52
168 63 178 63
169 94 176 94
169 99 180 99
169 100 177 100
169 101 174 102
169 120 178 120
169 127 180 127
169 134 180 134
169 145 172 146
169 151 176 151
169 154 173 155
169 159 173 160
169 161 173 162
169 201 172 202
169 205 177 205
169 215 177 215
169 220 179 220
169 229 179 229
169 231 178 231
169 235 177 235
169 244 177 244
169 0 180 0
170 16 174 17
170 37 174 38
170 41 180 41
170 42 180 42
170 47 181 47
170 53 181 53
170 56 177 56
170 111 181 111
170 118 178 118
168 121 179 121
170 142 180 142
170 167 178 167
170 169 181 169
170 172 175 173
170 177 179 177
170 190 179 190
170 223 179 223
170 230 179 230
171 9 180 9
168 32 179 32
171 45 180 45
171 55 179 55
171 76 179 76
171 82 173 84
171 89 179 89
171 112 182 112
171 124 182 124
171 128 179 128
171 175 182 175
171 184 180 184
171 191 179 191
171 213 180 213
171 218 181 218
171 228 180 228
171 236 179 236
171 7 181 7
172 8 181 8
170 10 178 10
169 13 178 13
172 14 183 14
172 26 183 26
172 35 179 35
172 40 179 40
171 49 180 49
172 71 175 72
172 74 180 74
172 80 182 80
172 93 183 93
172 107 183 107
172 108 175 109
172 114 182 114
172 117 180 117
172 123 183 123
172 133 180 133
172 143 176 144
172 148 182 148
172 157 175 158
171 164 181 164
172 166 182 166
172 176 182 176
171 186 178 186
172 192 177 193
172 204 183 204
173 4 182 4
173 5 177 6
173 20 182 20
173 21 176 23
173 28 178 29
173 31 182 31
173 34 184 34
173 46 184 46
173 67 178 68
173 115 180 115
173 126 182 126
173 138 184 138
173 146 182 146
173 147 180 147
173 183 181 183
173 188 184 188
173 189 181 189
173 200 180 200
173 201 183 201
173 202 182 202
172 216 182 216
173 221 183 221
173 232 180 232
173 234 181 234
173 241 177 242
173 247 184 247
174 19 185 19
171 43 181 43
174 50 185 50
174 60 181 60
174 62 182 62
174 65 185 65
174 70 184 70
174 81 178 82
174 83 182 83
174 84 178 85
174 90 181 90
174 92 182 92
173 129 184 129
174 135 185 135
174 145 185 145
174 153 177 155
174 160 185 160
174 162 184 162
174 170 179 171
174 185 185 185
174 194 181 194
171 208 182 208
174 240 183 240
173 248 181 248
175 16 182 16
175 27 185 27
174 33 185 33
175 37 179 38
175 39 183 39
175 44 185 44
175 51 183 51
175 57 184 57
175 58 182 58
175 59 185 59
175 61 182 61
175 66 185 66
175 77 178 78
175 86 186 86
175 88 186 88
175 91 185 91
175 95 185 95
175 96 183 96
175 98 184 98
173 110 184 110
175 125 182 125
174 159 182 159
175 209 179 210
175 246 186 246
176 18 183 18
176 36 187 36
176 48 187 48
176 54 184 54
176 71 179 72
176 73 185 73
176 97 187 97
176 103 187 103
176 104 183 104
176 108 179 109
175 116 182 116
176 130 183 130
176 137 187 137
176 139 183 139
176 149 187 149
176 150 185 150
176 156 183 156
176 157 183 157
176 173 184 173
176 174 184 174
176 179 184 179
176 180 184 180
176 182 187 182
176 187 184 187
176 224 186 224
176 226 180 227
174 237 185 237
176 238 187 238
176 245 187 245
177 11 185 11
177 12 187 12
177 15 184 15
177 23 186 23
177 64 188 64
177 79 185 79
177 87 188 87
177 94 187 94
175 101 178 102
177 113 184 113
176 122 187 122
177 131 184 131
177 143 185 143
177 144 186 144
177 151 184 151
177 163 186 163
177 181 184 181
177 197 180 199
177 206 184 206
177 207 188 207
177 214 188 214
177 219 184 219
177 222 185 222
177 249 185 249
178 1 189 1
178 5 185 5
178 6 185 6
178 56 185 56
178 69 189 69
178 100 189 100
178 119 188 119
177 136 185 136
178 154 186 154
178 172 189 172
177 178 186 178
178 192 182 193
178 195 186 195
178 205 188 205
178 212 186 212
178 215 188 215
178 217 185 217
178 235 189 235
178 241 182 242
178 243 183 244
179 3 190 3
179 10 186 10
179 13 190 13
178 21 189 21
179 24 184 25
179 28 182 29
179 30 187 30
179 63 186 63
179 67 182 68
179 75 187 75
179 77 182 78
179 82 186 82
179 84 190 84
179 85 190 85
179 101 186 101
179 118 188 118
179 120 190 120
179 140 183 141
177 152 187 152
176 165 184 165
179 167 188 167
179 186 186 186
179 196 187 196
179 231 186 231
178 239 188 239
180 22 191 22
180 32 191 32
180 35 191 35
180 38 187 38
180 40 190 40
180 55 187 55
180 71 187 71
180 72 191 72
180 76 191 76
180 81 191 81
180 89 187 89
179 102 189 102
180 105 189 105
180 106 191 106
180 108 187 108
180 121 188 121
180 128 189 128
180 155 191 155
180 161 191 161
180 168 191 168
180 170 185 171
180 177 189 177
180 190 187 190
180 191 191 191
180 209 182 211
180 220 191 220
180 223 190 223
180 229 187 229
180 230 188 230
181 0 191 0
181 9 192 9
181 41 188 41
181 42 192 42
181 45 192 45
181 49 190 49
181 74 192 74
181 115 190 115
181 117 190 117
181 133 185 134
181 147 189 147
181 184 188 184
181 197 185 198
181 200 191 200
181 213 192 213
181 227 192 227
181 228 192 228
181 232 189 232
181 236 192 236
182 7 186 8
182 17 193 17
182 43 193 43
182 52 186 53
182 90 193 90
182 142 193 142
182 164 192 164
182 183 193 183
182 189 192 189
181 199 191 199
179 203 189 203
182 218 193 218
178 233 188 233
182 234 191 234
182 248 193 248
183 4 191 4
183 20 191 20
183 29 190 29
183 31 194 31
181 37 192 37
183 58 190 58
183 60 194 60
183 61 192 61
183 62 193 62
183 67 187 68
183 77 191 77
183 78 190 78
183 80 194 80
183 83 192 83
183 92 194 92
181 99 189 99
180 109 189 109
183 114 194 114
183 116 190 116
183 125 191 125
183 126 192 126
183 148 194 148
179 153 190 153
182 158 193 158
183 159 194 159
183 169 194 169
183 175 193 175
183 176 194 176
183 193 194 193
183 202 193 202
183 208 193 208
183 209 186 210
183 216 191 216
183 241 190 241
183 242 194 242
184 16 195 16
184 39 191 39
184 51 194 51
184 93 192 93
184 96 193 96
183 112 194 112
184 123 195 123
184 127 195 127
184 130 194 130
184 139 192 139
184 140 193 140
184 146 195 146
184 156 187 157
183 211 190 211
184 221 193 221
184 240 194 240
184 243 188 244
184 14 191 14
185 15 193 15
185 28 196 28
185 46 194 46
185 47 196 47
185 54 195 54
185 57 196 57
185 70 195 70
185 98 196 98
184 107 194 107
183 111 194 111
185 113 195 113
185 129 195 129
185 131 188 132
184 141 193 141
185 151 196 151
185 162 192 162
185 165 196 165
185 173 194 173
185 174 196 174
185 179 193 179
185 180 194 180
185 181 195 181
185 187 196 187
185 188 192 188
183 192 191 192
185 206 192 206
185 219 195 219
185 225 196 225
185 226 196 226
185 247 195 247
186 5 190 6
186 11 197 11
186 19 195 19
186 24 188 27
186 33 193 33
185 34 193 34
186 44 197 44
186 56 195 56
186 59 196 59
186 66 195 66
186 73 194 73
186 79 194 79
186 91 195 91
186 95 195 95
186 110 197 110
183 124 190 124
186 133 189 134
186 135 197 135
185 138 194 138
186 143 194 143
186 145 197 145
186 150 195 150
186 170 195 170
186 171 197 171
186 198 193 198
186 201 197 201
184 204 193 204
186 217 194 217
186 237 197 237
186 249 194 249
187 7 198 7
187 10 198 10
186 50 196 50
187 52 190 53
187 63 197 63
187 82 194 82
187 101 196 101
187 144 198 144
187 154 196 154
187 163 196 163
187 178 197 178
187 186 194 186
187 194 192 195
187 209 195 209
187 210 195 210
187 212 198 212
187 224 194 224
187 231 194 231
188 30 195 30
188 55 195 55
188 67 191 68
188 71 195 71
188 75 197 75
187 86 195 86
188 89 198 89
188 94 196 94
188 97 195 97
188 103 199 103
188 108 198 108
188 122 196 122
188 137 196 137
188 152 198 152
188 157 199 157
186 185 196 185
188 196 196 196
187 246 196 246
189 23 193 24
189 25 193 26
188 48 199 48
189 64 192 65
189 118 198 118
189 119 197 119
189 121 199 121
189 131 193 132
188 149 196 149
188 156 199 156
188 182 198 182
189 184 199 184
186 197 197 197
189 205 196 205
189 214 197 214
189 215 197 215
189 230 197 230
189 233 197 233
189 239 197 239
189 243 194 244
188 245 197 245
190 21 198 21
190 99 195 100
190 102 197 102
190 109 199 109
190 133 193 134
190 147 198 147
190 177 199 177
190 203 199 203
189 207 199 207
190 232 199 232
190 235 199 235
188 2 199 2
191 3 199 3
191 5 196 6
191 12 195 13
191 52 199 52
191 78 198 78
187 88 194 88
191 115 196 116
191 222 194 223
191 241 199 241
192 0 196 1
192 4 199 4
192 20 199 20
192 35 195 36
192 38 193 41
192 67 199 67
192 68 196 69
192 76 196 77
192 104 195 106
191 120 199 120
192 124 197 125
192 160 197 161
192 167 196 168
192 190 197 191
192 199 196 200
192 216 199 216
193 8 198 9
192 22 199 22
192 32 199 32
193 64 198 65
192 72 199 72
191 85 199 85
189 87 198 87
193 188 198 189
193 194 196 195
193 227 195 229
194 14 199 15
194 23 196 26
194 33 198 34
194 37 197 38
194 39 197 40
194 41 199 42
194 61 199 62
194 131 199 132
194 133 197 134
194 139 198 140
194 141 199 142
195 79 196 82
195 92 199 93
195 175 198 176
195 179 198 180
195 220 196 224
195 242 199 243
195 248 198 249
196 29 198 31
196 53 198 55
196 95 199 97
196 104 199 106
196 112 199 113
196 126 197 130
195 158 199 159
196 209 199 211
196 217 199 219
196 227 199 228
197 24 199 26
197 49 199 51
197 56 198 60
197 68 199 70
197 99 199 101
197 114 199 117
197 148 198 151
197 153 199 155
197 162 199 164
197 165 199 168
197 192 199 195
197 198 199 200
197 220 199 223
198 35 199 39
198 73 199 76
198 123 199 127
198 236 199 240
199 5 199 13
199 143 199 152
